app/build/intermediates/manifest_merge_blame_file/debug/manifest-merger-blame-debug-report.txt
1<?xml version="1.0" encoding="utf-8"?>
2<manifest xmlns:android="http://schemas.android.com/apk/res/android"
3    xmlns:tools="http://schemas.android.com/tools"
4    package="ae.businessdna.iconference"
5    android:versionCode="1"
6    android:versionName="1.0" >
7
8    <uses-sdk
9        android:minSdkVersion="21"
9-->src\main\AndroidManifest.xml
10        android:targetSdkVersion="28" />
10-->src\main\AndroidManifest.xml
11
12    <uses-permission android:name="android.permission.ACCESS_NETWORK_STATE" />
12-->src\main\AndroidManifest.xml:6:5-78
12-->src\main\AndroidManifest.xml:6:22-76
13    <uses-permission android:name="android.permission.INTERNET" />
13-->src\main\AndroidManifest.xml:7:5-66
13-->src\main\AndroidManifest.xml:7:22-64
14    <uses-permission android:name="android.permission.READ_PHONE_STATE" />
14-->src\main\AndroidManifest.xml:8:5-75
14-->src\main\AndroidManifest.xml:8:22-72
15    <uses-permission android:name="android.permission.WAKE_LOCK" />
15-->src\main\AndroidManifest.xml:9:5-67
15-->src\main\AndroidManifest.xml:9:22-65
16    <uses-permission android:name="android.permission.RECEIVE_BOOT_COMPLETED" />
16-->src\main\AndroidManifest.xml:10:5-81
16-->src\main\AndroidManifest.xml:10:22-78
17    <uses-permission android:name="android.permission.SYSTEM_ALERT_WINDOW" />
17-->src\main\AndroidManifest.xml:11:5-78
17-->src\main\AndroidManifest.xml:11:22-75
18    <uses-permission android:name="android.permission.GET_TASKS" />
18-->src\main\AndroidManifest.xml:12:5-68
18-->src\main\AndroidManifest.xml:12:22-65
19
20    <application
20-->src\main\AndroidManifest.xml:14:5-93:19
21        android:name="ae.businessdna.iconference.MyApplication"
21-->src\main\AndroidManifest.xml:21:9-38
22        android:allowBackup="true"
22-->src\main\AndroidManifest.xml:15:9-35
23        android:icon="@mipmap/ic_launcher"
23-->src\main\AndroidManifest.xml:16:9-43
24        android:label="@string/app_name"
24-->src\main\AndroidManifest.xml:17:9-41
25        android:roundIcon="@mipmap/ic_launcher_round"
25-->src\main\AndroidManifest.xml:18:9-54
26        android:supportsRtl="true"
26-->src\main\AndroidManifest.xml:19:9-35
27        android:theme="@style/AppTheme" >
27-->src\main\AndroidManifest.xml:20:9-40
28        <activity
28-->src\main\AndroidManifest.xml:22:9-33:20
29            android:name="ae.businessdna.iconference.activities.MainActivity"
29-->src\main\AndroidManifest.xml:23:13-52
30            android:label="@string/app_name"
30-->src\main\AndroidManifest.xml:24:13-45
31            android:launchMode="singleTask" >
31-->src\main\AndroidManifest.xml:25:13-44
32            <intent-filter>
32-->src\main\AndroidManifest.xml:26:13-32:29
33
34                <!-- <action android:name="android.intent.action.VIEW" /> -->
35                <action android:name="android.intent.action.MAIN" />
35-->src\main\AndroidManifest.xml:28:17-69
35-->src\main\AndroidManifest.xml:28:25-66
36
37                <category android:name="android.intent.category.LAUNCHER" />
37-->src\main\AndroidManifest.xml:29:17-77
37-->src\main\AndroidManifest.xml:29:27-74
38                <category android:name="android.intent.category.HOME" />
38-->src\main\AndroidManifest.xml:30:17-73
38-->src\main\AndroidManifest.xml:30:27-70
39                <category android:name="android.intent.category.DEFAULT" />
39-->src\main\AndroidManifest.xml:31:17-76
39-->src\main\AndroidManifest.xml:31:27-73
40            </intent-filter>
41        </activity>
42        <activity
42-->src\main\AndroidManifest.xml:35:9-37:32
43            android:name="ae.businessdna.iconference.activities.SettingsActivity"
43-->src\main\AndroidManifest.xml:36:13-56
44            android:label="" />
44-->src\main\AndroidManifest.xml:37:13-29
45
46        <!-- <activity -->
47        <!-- android:name="com.microsoft.identity.client.BrowserTabActivity"> -->
48        <!-- <intent-filter> -->
49        <!-- <action android:name="android.intent.action.VIEW" /> -->
50        <!-- <category android:name="android.intent.category.DEFAULT" /> -->
51        <!-- <category android:name="android.intent.category.BROWSABLE" /> -->
52
53
54        <!-- &lt;!&ndash;Add in your scheme/host from registered redirect URI&ndash;&gt; -->
55        <!-- &lt;!&ndash;By default, the scheme should be similar to 'msal[appId]' &ndash;&gt; -->
56        <!-- &lt;!&ndash;<data android:scheme="msal3f3fac4b-df42-4c06-9ced-ed7280a8218f"&ndash;&gt; -->
57        <!-- &lt;!&ndash;android:host="auth" />&ndash;&gt; -->
58        <!-- <data android:scheme="msalf882194e-6340-49cb-be25-61ce4b9f4920" -->
59        <!-- android:host="auth" /> -->
60        <!-- </intent-filter> -->
61        <!-- </activity> -->
62
63        <service
63-->src\main\AndroidManifest.xml:55:9-57:40
64            android:name="ae.businessdna.iconference.service.KioskService"
64-->src\main\AndroidManifest.xml:56:13-49
65            android:exported="false" />
65-->src\main\AndroidManifest.xml:57:13-37
66
67        <receiver
67-->src\main\AndroidManifest.xml:59:9-60:39
68            android:name="ae.businessdna.iconference.receiver.MeetingReceiver"
68-->src\main\AndroidManifest.xml:59:19-59
69            android:exported="false" />
69-->src\main\AndroidManifest.xml:60:13-37
70        <receiver
70-->src\main\AndroidManifest.xml:62:9-72:20
71            android:name="ae.businessdna.iconference.receiver.BootReceiver"
71-->src\main\AndroidManifest.xml:63:13-76
72            android:enabled="true"
72-->src\main\AndroidManifest.xml:64:13-35
73            android:permission="android.permission.RECEIVE_BOOT_COMPLETED" >
73-->src\main\AndroidManifest.xml:65:13-75
74            <intent-filter>
74-->src\main\AndroidManifest.xml:66:13-71:29
75                <action android:name="android.intent.action.BOOT_COMPLETED" />
75-->src\main\AndroidManifest.xml:67:17-79
75-->src\main\AndroidManifest.xml:67:25-76
76                <action android:name="android.intent.action.QUICKBOOT_POWERON" />
76-->src\main\AndroidManifest.xml:68:17-82
76-->src\main\AndroidManifest.xml:68:25-79
77
78                <category android:name="android.intent.category.DEFAULT" />
78-->src\main\AndroidManifest.xml:31:17-76
78-->src\main\AndroidManifest.xml:31:27-73
79            </intent-filter>
80        </receiver>
81        <receiver
81-->src\main\AndroidManifest.xml:74:9-89:20
82            android:name="ae.businessdna.iconference.receiver.MyAdminReceiver"
82-->src\main\AndroidManifest.xml:75:13-79
83            android:description="@string/device_admin_description"
83-->src\main\AndroidManifest.xml:77:13-67
84            android:label="@string/device_admin"
84-->src\main\AndroidManifest.xml:76:13-49
85            android:permission="android.permission.BIND_DEVICE_ADMIN" >
85-->src\main\AndroidManifest.xml:78:13-70
86            <meta-data
86-->src\main\AndroidManifest.xml:81:13-82:56
87                android:name="android.app.device_admin"
87-->src\main\AndroidManifest.xml:81:24-63
88                android:resource="@xml/device_admin" />
88-->src\main\AndroidManifest.xml:82:17-53
89
90            <intent-filter>
90-->src\main\AndroidManifest.xml:85:13-88:29
91                <action android:name="android.app.action.DEVICE_ADMIN_ENABLED" />
91-->src\main\AndroidManifest.xml:86:17-82
91-->src\main\AndroidManifest.xml:86:25-79
92                <!-- <action android:name="android.app.action.PROFILE_PROVISIONING_COMPLETE"/> -->
93            </intent-filter>
94        </receiver>
95        <!-- <meta-data -->
96        <!-- android:name="io.fabric.ApiKey" -->
97        <!-- android:value="87103e6b55896b179bd9fcbbf7a89b3d7cb00f50" /> -->
98    </application>
99
100</manifest>